{"timestamp": "2026-01-24 15:09:43,371", "level": "INFO", "message": {"event": "processing_start", "total_records": 7, "config": {"session_id": "ec48d30c-7e71-4a9a-acf4-2b24e4ae0e11", "decisions_count": 1}}}
{"timestamp": "2026-01-24 15:09:43,386", "level": "INFO", "message": {"record_id": "0", "action": "KEPT", "reason": "Selected for keeping in group exact_group_1", "similarity_score": None, "user_decision": True, "timestamp": "2026-01-24T15:09:43.386776"}}
{"timestamp": "2026-01-24 15:09:43,388", "level": "INFO", "message": {"record_id": "2", "action": "SOFT_DELETED", "reason": "Not selected for keeping in group exact_group_1", "similarity_score": None, "user_decision": True, "timestamp": "2026-01-24T15:09:43.388698"}}
{"timestamp": "2026-01-24 15:09:43,390", "level": "INFO", "message": {"record_id": "6", "action": "SOFT_DELETED", "reason": "Not selected for keeping in group exact_group_1", "similarity_score": None, "user_decision": True, "timestamp": "2026-01-24T15:09:43.390914"}}
{"timestamp": "2026-01-24 15:09:43,398", "level": "INFO", "message": {"event": "processing_end", "stats": {"total_groups_processed": 1, "records_kept": 1, "records_soft_deleted": 2, "records_hard_deleted": 0, "records_merged": 0, "records_flagged": 0, "merge_operations": 0, "errors": 0}}}
{"timestamp": "2026-01-24 15:09:43,407", "level": "INFO", "message": {"event": "processing_start", "total_records": 7, "config": {"session_id": "b3500fc8-31ad-429d-a7c1-87283b0ce5da", "decisions_count": 1}}}
{"timestamp": "2026-01-24 15:09:43,407", "level": "INFO", "message": {"event": "processing_start", "total_records": 7, "config": {"session_id": "b3500fc8-31ad-429d-a7c1-87283b0ce5da", "decisions_count": 1}}}
{"timestamp": "2026-01-24 15:09:43,432", "level": "INFO", "message": {"record_id": "0,2,6", "action": "MERGED", "reason": "Merged 3 records in group exact_group_1", "similarity_score": None, "user_decision": True, "timestamp": "2026-01-24T15:09:43.432620"}}
{"timestamp": "2026-01-24 15:09:43,432", "level": "INFO", "message": {"record_id": "0,2,6", "action": "MERGED", "reason": "Merged 3 records in group exact_group_1", "similarity_score": None, "user_decision": True, "timestamp": "2026-01-24T15:09:43.432620"}}
{"timestamp": "2026-01-24 15:09:43,433", "level": "INFO", "message": {"event": "processing_end", "stats": {"total_groups_processed": 1, "records_kept": 0, "records_soft_deleted": 0, "records_hard_deleted": 0, "records_merged": 3, "records_flagged": 0, "merge_operations": 1, "errors": 0}}}
{"timestamp": "2026-01-24 15:09:43,433", "level": "INFO", "message": {"event": "processing_end", "stats": {"total_groups_processed": 1, "records_kept": 0, "records_soft_deleted": 0, "records_hard_deleted": 0, "records_merged": 3, "records_flagged": 0, "merge_operations": 1, "errors": 0}}}
{"timestamp": "2026-01-24 15:09:43,439", "level": "INFO", "message": {"event": "processing_start", "total_records": 7, "config": {"session_id": "ff5d89a2-8ddc-4ce6-9f8d-48828103a55f", "decisions_count": 2}}}
{"timestamp": "2026-01-24 15:09:43,439", "level": "INFO", "message": {"event": "processing_start", "total_records": 7, "config": {"session_id": "ff5d89a2-8ddc-4ce6-9f8d-48828103a55f", "decisions_count": 2}}}
{"timestamp": "2026-01-24 15:09:43,439", "level": "INFO", "message": {"event": "processing_start", "total_records": 7, "config": {"session_id": "ff5d89a2-8ddc-4ce6-9f8d-48828103a55f", "decisions_count": 2}}}
{"timestamp": "2026-01-24 15:09:43,451", "level": "INFO", "message": {"record_id": "0", "action": "KEPT", "reason": "Selected for keeping in group exact_group_1", "similarity_score": None, "user_decision": True, "timestamp": "2026-01-24T15:09:43.451690"}}
{"timestamp": "2026-01-24 15:09:43,451", "level": "INFO", "message": {"record_id": "0", "action": "KEPT", "reason": "Selected for keeping in group exact_group_1", "similarity_score": None, "user_decision": True, "timestamp": "2026-01-24T15:09:43.451690"}}
{"timestamp": "2026-01-24 15:09:43,451", "level": "INFO", "message": {"record_id": "0", "action": "KEPT", "reason": "Selected for keeping in group exact_group_1", "similarity_score": None, "user_decision": True, "timestamp": "2026-01-24T15:09:43.451690"}}
{"timestamp": "2026-01-24 15:09:43,454", "level": "INFO", "message": {"record_id": "2", "action": "SOFT_DELETED", "reason": "Not selected for keeping in group exact_group_1", "similarity_score": None, "user_decision": True, "timestamp": "2026-01-24T15:09:43.454343"}}
{"timestamp": "2026-01-24 15:09:43,454", "level": "INFO", "message": {"record_id": "2", "action": "SOFT_DELETED", "reason": "Not selected for keeping in group exact_group_1", "similarity_score": None, "user_decision": True, "timestamp": "2026-01-24T15:09:43.454343"}}
{"timestamp": "2026-01-24 15:09:43,454", "level": "INFO", "message": {"record_id": "2", "action": "SOFT_DELETED", "reason": "Not selected for keeping in group exact_group_1", "similarity_score": None, "user_decision": True, "timestamp": "2026-01-24T15:09:43.454343"}}
{"timestamp": "2026-01-24 15:09:43,456", "level": "INFO", "message": {"record_id": "6", "action": "SOFT_DELETED", "reason": "Not selected for keeping in group exact_group_1", "similarity_score": None, "user_decision": True, "timestamp": "2026-01-24T15:09:43.456181"}}
{"timestamp": "2026-01-24 15:09:43,456", "level": "INFO", "message": {"record_id": "6", "action": "SOFT_DELETED", "reason": "Not selected for keeping in group exact_group_1", "similarity_score": None, "user_decision": True, "timestamp": "2026-01-24T15:09:43.456181"}}
{"timestamp": "2026-01-24 15:09:43,456", "level": "INFO", "message": {"record_id": "6", "action": "SOFT_DELETED", "reason": "Not selected for keeping in group exact_group_1", "similarity_score": None, "user_decision": True, "timestamp": "2026-01-24T15:09:43.456181"}}
{"timestamp": "2026-01-24 15:09:43,464", "level": "INFO", "message": {"record_id": "1", "action": "FLAGGED", "reason": "Flagged for manual review in group exact_group_2", "similarity_score": None, "user_decision": True, "timestamp": "2026-01-24T15:09:43.464147"}}
{"timestamp": "2026-01-24 15:09:43,464", "level": "INFO", "message": {"record_id": "1", "action": "FLAGGED", "reason": "Flagged for manual review in group exact_group_2", "similarity_score": None, "user_decision": True, "timestamp": "2026-01-24T15:09:43.464147"}}
{"timestamp": "2026-01-24 15:09:43,464", "level": "INFO", "message": {"record_id": "1", "action": "FLAGGED", "reason": "Flagged for manual review in group exact_group_2", "similarity_score": None, "user_decision": True, "timestamp": "2026-01-24T15:09:43.464147"}}
{"timestamp": "2026-01-24 15:09:43,467", "level": "INFO", "message": {"record_id": "4", "action": "FLAGGED", "reason": "Flagged for manual review in group exact_group_2", "similarity_score": None, "user_decision": True, "timestamp": "2026-01-24T15:09:43.467891"}}
{"timestamp": "2026-01-24 15:09:43,467", "level": "INFO", "message": {"record_id": "4", "action": "FLAGGED", "reason": "Flagged for manual review in group exact_group_2", "similarity_score": None, "user_decision": True, "timestamp": "2026-01-24T15:09:43.467891"}}
{"timestamp": "2026-01-24 15:09:43,467", "level": "INFO", "message": {"record_id": "4", "action": "FLAGGED", "reason": "Flagged for manual review in group exact_group_2", "similarity_score": None, "user_decision": True, "timestamp": "2026-01-24T15:09:43.467891"}}
{"timestamp": "2026-01-24 15:09:43,468", "level": "INFO", "message": {"event": "processing_end", "stats": {"total_groups_processed": 2, "records_kept": 1, "records_soft_deleted": 2, "records_hard_deleted": 0, "records_merged": 0, "records_flagged": 2, "merge_operations": 0, "errors": 0}}}
{"timestamp": "2026-01-24 15:09:43,468", "level": "INFO", "message": {"event": "processing_end", "stats": {"total_groups_processed": 2, "records_kept": 1, "records_soft_deleted": 2, "records_hard_deleted": 0, "records_merged": 0, "records_flagged": 2, "merge_operations": 0, "errors": 0}}}
{"timestamp": "2026-01-24 15:09:43,468", "level": "INFO", "message": {"event": "processing_end", "stats": {"total_groups_processed": 2, "records_kept": 1, "records_soft_deleted": 2, "records_hard_deleted": 0, "records_merged": 0, "records_flagged": 2, "merge_operations": 0, "errors": 0}}}
{"timestamp": "2026-01-24 15:09:43,482", "level": "INFO", "message": {"event": "processing_start", "total_records": 7, "config": {"session_id": "b7b45f3c-48c9-455a-9767-9dc4a0557f10", "decisions_count": 2}}}
{"timestamp": "2026-01-24 15:09:43,482", "level": "INFO", "message": {"event": "processing_start", "total_records": 7, "config": {"session_id": "b7b45f3c-48c9-455a-9767-9dc4a0557f10", "decisions_count": 2}}}
{"timestamp": "2026-01-24 15:09:43,482", "level": "INFO", "message": {"event": "processing_start", "total_records": 7, "config": {"session_id": "b7b45f3c-48c9-455a-9767-9dc4a0557f10", "decisions_count": 2}}}
{"timestamp": "2026-01-24 15:09:43,482", "level": "INFO", "message": {"event": "processing_start", "total_records": 7, "config": {"session_id": "b7b45f3c-48c9-455a-9767-9dc4a0557f10", "decisions_count": 2}}}
{"timestamp": "2026-01-24 15:09:43,482", "level": "INFO", "message": {"event": "processing_start", "total_records": 7, "config": {"session_id": "b7b45f3c-48c9-455a-9767-9dc4a0557f10", "decisions_count": 2}}}
{"timestamp": "2026-01-24 15:09:43,497", "level": "INFO", "message": {"record_id": "0,2,6", "action": "MERGED", "reason": "Merged 3 records in group exact_group_1", "similarity_score": None, "user_decision": True, "timestamp": "2026-01-24T15:09:43.497927"}}
{"timestamp": "2026-01-24 15:09:43,497", "level": "INFO", "message": {"record_id": "0,2,6", "action": "MERGED", "reason": "Merged 3 records in group exact_group_1", "similarity_score": None, "user_decision": True, "timestamp": "2026-01-24T15:09:43.497927"}}
{"timestamp": "2026-01-24 15:09:43,497", "level": "INFO", "message": {"record_id": "0,2,6", "action": "MERGED", "reason": "Merged 3 records in group exact_group_1", "similarity_score": None, "user_decision": True, "timestamp": "2026-01-24T15:09:43.497927"}}
{"timestamp": "2026-01-24 15:09:43,497", "level": "INFO", "message": {"record_id": "0,2,6", "action": "MERGED", "reason": "Merged 3 records in group exact_group_1", "similarity_score": None, "user_decision": True, "timestamp": "2026-01-24T15:09:43.497927"}}
{"timestamp": "2026-01-24 15:09:43,497", "level": "INFO", "message": {"record_id": "0,2,6", "action": "MERGED", "reason": "Merged 3 records in group exact_group_1", "similarity_score": None, "user_decision": True, "timestamp": "2026-01-24T15:09:43.497927"}}
{"timestamp": "2026-01-24 15:09:43,501", "level": "INFO", "message": {"record_id": "1", "action": "KEPT", "reason": "Selected for keeping in group exact_group_2", "similarity_score": None, "user_decision": True, "timestamp": "2026-01-24T15:09:43.501190"}}
{"timestamp": "2026-01-24 15:09:43,501", "level": "INFO", "message": {"record_id": "1", "action": "KEPT", "reason": "Selected for keeping in group exact_group_2", "similarity_score": None, "user_decision": True, "timestamp": "2026-01-24T15:09:43.501190"}}
{"timestamp": "2026-01-24 15:09:43,501", "level": "INFO", "message": {"record_id": "1", "action": "KEPT", "reason": "Selected for keeping in group exact_group_2", "similarity_score": None, "user_decision": True, "timestamp": "2026-01-24T15:09:43.501190"}}
{"timestamp": "2026-01-24 15:09:43,501", "level": "INFO", "message": {"record_id": "1", "action": "KEPT", "reason": "Selected for keeping in group exact_group_2", "similarity_score": None, "user_decision": True, "timestamp": "2026-01-24T15:09:43.501190"}}
{"timestamp": "2026-01-24 15:09:43,501", "level": "INFO", "message": {"record_id": "1", "action": "KEPT", "reason": "Selected for keeping in group exact_group_2", "similarity_score": None, "user_decision": True, "timestamp": "2026-01-24T15:09:43.501190"}}
{"timestamp": "2026-01-24 15:09:43,503", "level": "INFO", "message": {"record_id": "4", "action": "SOFT_DELETED", "reason": "Not selected for keeping in group exact_group_2", "similarity_score": None, "user_decision": True, "timestamp": "2026-01-24T15:09:43.503636"}}
{"timestamp": "2026-01-24 15:09:43,503", "level": "INFO", "message": {"record_id": "4", "action": "SOFT_DELETED", "reason": "Not selected for keeping in group exact_group_2", "similarity_score": None, "user_decision": True, "timestamp": "2026-01-24T15:09:43.503636"}}
{"timestamp": "2026-01-24 15:09:43,503", "level": "INFO", "message": {"record_id": "4", "action": "SOFT_DELETED", "reason": "Not selected for keeping in group exact_group_2", "similarity_score": None, "user_decision": True, "timestamp": "2026-01-24T15:09:43.503636"}}
{"timestamp": "2026-01-24 15:09:43,503", "level": "INFO", "message": {"record_id": "4", "action": "SOFT_DELETED", "reason": "Not selected for keeping in group exact_group_2", "similarity_score": None, "user_decision": True, "timestamp": "2026-01-24T15:09:43.503636"}}
{"timestamp": "2026-01-24 15:09:43,503", "level": "INFO", "message": {"record_id": "4", "action": "SOFT_DELETED", "reason": "Not selected for keeping in group exact_group_2", "similarity_score": None, "user_decision": True, "timestamp": "2026-01-24T15:09:43.503636"}}
{"timestamp": "2026-01-24 15:09:43,504", "level": "INFO", "message": {"event": "processing_end", "stats": {"total_groups_processed": 2, "records_kept": 1, "records_soft_deleted": 1, "records_hard_deleted": 0, "records_merged": 3, "records_flagged": 0, "merge_operations": 1, "errors": 0}}}
{"timestamp": "2026-01-24 15:09:43,504", "level": "INFO", "message": {"event": "processing_end", "stats": {"total_groups_processed": 2, "records_kept": 1, "records_soft_deleted": 1, "records_hard_deleted": 0, "records_merged": 3, "records_flagged": 0, "merge_operations": 1, "errors": 0}}}
{"timestamp": "2026-01-24 15:09:43,504", "level": "INFO", "message": {"event": "processing_end", "stats": {"total_groups_processed": 2, "records_kept": 1, "records_soft_deleted": 1, "records_hard_deleted": 0, "records_merged": 3, "records_flagged": 0, "merge_operations": 1, "errors": 0}}}
{"timestamp": "2026-01-24 15:09:43,504", "level": "INFO", "message": {"event": "processing_end", "stats": {"total_groups_processed": 2, "records_kept": 1, "records_soft_deleted": 1, "records_hard_deleted": 0, "records_merged": 3, "records_flagged": 0, "merge_operations": 1, "errors": 0}}}
{"timestamp": "2026-01-24 15:09:43,504", "level": "INFO", "message": {"event": "processing_end", "stats": {"total_groups_processed": 2, "records_kept": 1, "records_soft_deleted": 1, "records_hard_deleted": 0, "records_merged": 3, "records_flagged": 0, "merge_operations": 1, "errors": 0}}}
